<?xml version="1.0" encoding="UTF-8"?>
<!-- Generated by org.testng.reporters.JUnitXMLReporter -->
<testsuite ignored="0" hostname="Shumson" failures="0" tests="12" name="TutorialsNinja Test" time="0.301" errors="0" timestamp="2023-03-18T18:50:34 EDT">
  <testcase classname="com.tutorialsninja.qa.base.BaseOfninja" name="@BeforeMethod initializeBrowserAndOpenApplicationURL" time="-1.679179834102E9">
    <failure type="org.testng.TestNGException" message="
Can inject only one of &amp;lt;ITestContext, XmlTest, Method, Object[], ITestResult&amp;gt; into a @BeforeMethod annotated initializeBrowserAndOpenApplicationURL.
For more information on native dependency injection please refer to https://testng.org/doc/documentation-main.html#native-dependency-injection">
      <![CDATA[org.testng.TestNGException: 
Can inject only one of <ITestContext, XmlTest, Method, Object[], ITestResult> into a @BeforeMethod annotated initializeBrowserAndOpenApplicationURL.
For more information on native dependency injection please refer to https://testng.org/doc/documentation-main.html#native-dependency-injection
at java.base/java.util.ArrayList.forEach(ArrayList.java:1511)
... Removed 28 stack frames]]>
    </failure>
  </testcase> <!-- @BeforeMethod initializeBrowserAndOpenApplicationURL -->
  <testcase classname="tutorialninja_project.Register" name="@BeforeMethod setUp" time="-1.679179834124E9">
    <skipped/>
  </testcase> <!-- @BeforeMethod setUp -->
  <testcase classname="tutorialninja_project.Register" name="@AfterMethod tearDown" time="-1.679179834142E9">
    <skipped/>
  </testcase> <!-- @AfterMethod tearDown -->
  <testcase classname="com.tutorialsninja.qa.base.BaseOfninja" name="@BeforeMethod initializeBrowserAndOpenApplicationURL" time="-1.67917983415E9">
    <skipped/>
  </testcase> <!-- @BeforeMethod initializeBrowserAndOpenApplicationURL -->
  <testcase classname="tutorialninja_project.Register" name="@BeforeMethod setUp" time="-1.679179834152E9">
    <skipped/>
  </testcase> <!-- @BeforeMethod setUp -->
  <testcase classname="tutorialninja_project.Register" name="@AfterMethod tearDown" time="-1.679179834164E9">
    <skipped/>
  </testcase> <!-- @AfterMethod tearDown -->
  <testcase classname="com.tutorialsninja.qa.base.BaseOfninja" name="@BeforeMethod initializeBrowserAndOpenApplicationURL" time="-1.679179834168E9">
    <skipped/>
  </testcase> <!-- @BeforeMethod initializeBrowserAndOpenApplicationURL -->
  <testcase classname="tutorialninja_project.Register" name="@BeforeMethod setUp" time="-1.67917983417E9">
    <skipped/>
  </testcase> <!-- @BeforeMethod setUp -->
  <testcase classname="tutorialninja_project.Register" name="@AfterMethod tearDown" time="-1.67917983418E9">
    <skipped/>
  </testcase> <!-- @AfterMethod tearDown -->
  <testcase classname="com.tutorialsninja.qa.base.BaseOfninja" name="@BeforeMethod initializeBrowserAndOpenApplicationURL" time="-1.679179834185E9">
    <skipped/>
  </testcase> <!-- @BeforeMethod initializeBrowserAndOpenApplicationURL -->
  <testcase classname="tutorialninja_project.Register" name="@BeforeMethod setUp" time="-1.679179834187E9">
    <skipped/>
  </testcase> <!-- @BeforeMethod setUp -->
  <testcase classname="tutorialninja_project.Register" name="@AfterMethod tearDown" time="-1.679179834197E9">
    <skipped/>
  </testcase> <!-- @AfterMethod tearDown -->
  <testcase classname="com.tutorialsninja.qa.base.BaseOfninja" name="@BeforeMethod initializeBrowserAndOpenApplicationURL" time="-1.679179834202E9">
    <failure type="org.testng.TestNGException" message="
Can inject only one of &amp;lt;ITestContext, XmlTest, Method, Object[], ITestResult&amp;gt; into a @BeforeMethod annotated initializeBrowserAndOpenApplicationURL.
For more information on native dependency injection please refer to https://testng.org/doc/documentation-main.html#native-dependency-injection">
      <![CDATA[org.testng.TestNGException: 
Can inject only one of <ITestContext, XmlTest, Method, Object[], ITestResult> into a @BeforeMethod annotated initializeBrowserAndOpenApplicationURL.
For more information on native dependency injection please refer to https://testng.org/doc/documentation-main.html#native-dependency-injection
at java.base/java.util.ArrayList.forEach(ArrayList.java:1511)
... Removed 28 stack frames]]>
    </failure>
  </testcase> <!-- @BeforeMethod initializeBrowserAndOpenApplicationURL -->
  <testcase classname="tutorialninja_project.Login" name="@BeforeMethod setUp" time="-1.679179834205E9">
    <skipped/>
  </testcase> <!-- @BeforeMethod setUp -->
  <testcase classname="tutorialninja_project.Login" name="@AfterMethod tearDown" time="-1.679179834213E9">
    <skipped/>
  </testcase> <!-- @AfterMethod tearDown -->
  <testcase classname="com.tutorialsninja.qa.base.BaseOfninja" name="@BeforeMethod initializeBrowserAndOpenApplicationURL" time="-1.679179834218E9">
    <skipped/>
  </testcase> <!-- @BeforeMethod initializeBrowserAndOpenApplicationURL -->
  <testcase classname="tutorialninja_project.Login" name="@BeforeMethod setUp" time="-1.67917983422E9">
    <skipped/>
  </testcase> <!-- @BeforeMethod setUp -->
  <testcase classname="tutorialninja_project.Login" name="@AfterMethod tearDown" time="-1.679179834228E9">
    <skipped/>
  </testcase> <!-- @AfterMethod tearDown -->
  <testcase classname="com.tutorialsninja.qa.base.BaseOfninja" name="@BeforeMethod initializeBrowserAndOpenApplicationURL" time="-1.679179834233E9">
    <skipped/>
  </testcase> <!-- @BeforeMethod initializeBrowserAndOpenApplicationURL -->
  <testcase classname="tutorialninja_project.Login" name="@BeforeMethod setUp" time="-1.679179834235E9">
    <skipped/>
  </testcase> <!-- @BeforeMethod setUp -->
  <testcase classname="tutorialninja_project.Login" name="@AfterMethod tearDown" time="-1.679179834244E9">
    <skipped/>
  </testcase> <!-- @AfterMethod tearDown -->
  <testcase classname="com.tutorialsninja.qa.base.BaseOfninja" name="@BeforeMethod initializeBrowserAndOpenApplicationURL" time="-1.679179834249E9">
    <skipped/>
  </testcase> <!-- @BeforeMethod initializeBrowserAndOpenApplicationURL -->
  <testcase classname="tutorialninja_project.Login" name="@BeforeMethod setUp" time="-1.679179834251E9">
    <skipped/>
  </testcase> <!-- @BeforeMethod setUp -->
  <testcase classname="tutorialninja_project.Login" name="@AfterMethod tearDown" time="-1.679179834258E9">
    <skipped/>
  </testcase> <!-- @AfterMethod tearDown -->
  <testcase classname="com.tutorialsninja.qa.base.BaseOfninja" name="@BeforeMethod initializeBrowserAndOpenApplicationURL" time="-1.679179834261E9">
    <skipped/>
  </testcase> <!-- @BeforeMethod initializeBrowserAndOpenApplicationURL -->
  <testcase classname="tutorialninja_project.Login" name="@BeforeMethod setUp" time="-1.679179834263E9">
    <skipped/>
  </testcase> <!-- @BeforeMethod setUp -->
  <testcase classname="tutorialninja_project.Login" name="@AfterMethod tearDown" time="-1.679179834271E9">
    <skipped/>
  </testcase> <!-- @AfterMethod tearDown -->
  <testcase classname="com.tutorialsninja.qa.base.BaseOfninja" name="@BeforeMethod initializeBrowserAndOpenApplicationURL" time="-1.679179834275E9">
    <failure type="org.testng.TestNGException" message="
Can inject only one of &amp;lt;ITestContext, XmlTest, Method, Object[], ITestResult&amp;gt; into a @BeforeMethod annotated initializeBrowserAndOpenApplicationURL.
For more information on native dependency injection please refer to https://testng.org/doc/documentation-main.html#native-dependency-injection">
      <![CDATA[org.testng.TestNGException: 
Can inject only one of <ITestContext, XmlTest, Method, Object[], ITestResult> into a @BeforeMethod annotated initializeBrowserAndOpenApplicationURL.
For more information on native dependency injection please refer to https://testng.org/doc/documentation-main.html#native-dependency-injection
at java.base/java.util.ArrayList.forEach(ArrayList.java:1511)
... Removed 28 stack frames]]>
    </failure>
  </testcase> <!-- @BeforeMethod initializeBrowserAndOpenApplicationURL -->
  <testcase classname="tutorialninja_project.Search" name="@BeforeMethod setup" time="-1.679179834278E9">
    <skipped/>
  </testcase> <!-- @BeforeMethod setup -->
  <testcase classname="tutorialninja_project.Search" name="@AfterMethod tearDown" time="-1.679179834287E9">
    <skipped/>
  </testcase> <!-- @AfterMethod tearDown -->
  <testcase classname="com.tutorialsninja.qa.base.BaseOfninja" name="@BeforeMethod initializeBrowserAndOpenApplicationURL" time="-1.67917983429E9">
    <skipped/>
  </testcase> <!-- @BeforeMethod initializeBrowserAndOpenApplicationURL -->
  <testcase classname="tutorialninja_project.Search" name="@BeforeMethod setup" time="-1.679179834291E9">
    <skipped/>
  </testcase> <!-- @BeforeMethod setup -->
  <testcase classname="tutorialninja_project.Search" name="@AfterMethod tearDown" time="-1.679179834297E9">
    <skipped/>
  </testcase> <!-- @AfterMethod tearDown -->
  <testcase classname="com.tutorialsninja.qa.base.BaseOfninja" name="@BeforeMethod initializeBrowserAndOpenApplicationURL" time="-1.6791798343E9">
    <skipped/>
  </testcase> <!-- @BeforeMethod initializeBrowserAndOpenApplicationURL -->
  <testcase classname="tutorialninja_project.Search" name="@BeforeMethod setup" time="-1.679179834302E9">
    <skipped/>
  </testcase> <!-- @BeforeMethod setup -->
  <testcase classname="tutorialninja_project.Search" name="@AfterMethod tearDown" time="-1.679179834308E9">
    <skipped/>
  </testcase> <!-- @AfterMethod tearDown -->
  <testcase classname="tutorialninja_project.Register" name="verifyRegisteringAnAccountWithMandatoryFields" time="0.0">
    <skipped/>
  </testcase> <!-- verifyRegisteringAnAccountWithMandatoryFields -->
  <testcase classname="tutorialninja_project.Register" name="verifyRegisteringAccountByProvidingAllFields" time="0.0">
    <skipped/>
  </testcase> <!-- verifyRegisteringAccountByProvidingAllFields -->
  <testcase classname="tutorialninja_project.Register" name="verifyRegisteringAccountWithExistingEmailAddress" time="0.0">
    <skipped/>
  </testcase> <!-- verifyRegisteringAccountWithExistingEmailAddress -->
  <testcase classname="tutorialninja_project.Register" name="verifyRegisteringAccountWithoutFillingAnyDetails" time="0.0">
    <skipped/>
  </testcase> <!-- verifyRegisteringAccountWithoutFillingAnyDetails -->
  <testcase classname="tutorialninja_project.Login" name="verifyLoginWitValidCredentials" time="0.0">
    <skipped/>
  </testcase> <!-- verifyLoginWitValidCredentials -->
  <testcase classname="tutorialninja_project.Login" name="verifyLoginWithInvalidCredentials" time="0.0">
    <skipped/>
  </testcase> <!-- verifyLoginWithInvalidCredentials -->
  <testcase classname="tutorialninja_project.Login" name="verifyLoginWithValidEmailAndInvalidPassword" time="0.0">
    <skipped/>
  </testcase> <!-- verifyLoginWithValidEmailAndInvalidPassword -->
  <testcase classname="tutorialninja_project.Login" name="verifyLoginWithInvalidEmailAndvalidPassword" time="0.0">
    <skipped/>
  </testcase> <!-- verifyLoginWithInvalidEmailAndvalidPassword -->
  <testcase classname="tutorialninja_project.Login" name="verifyLoginWithoutProvidingCredentials" time="0.0">
    <skipped/>
  </testcase> <!-- verifyLoginWithoutProvidingCredentials -->
  <testcase classname="tutorialninja_project.Search" name="verifySearchWithInvalidProduct" time="0.0">
    <skipped/>
  </testcase> <!-- verifySearchWithInvalidProduct -->
  <testcase classname="tutorialninja_project.Search" name="verifySearchWithValidProduct" time="0.0">
    <skipped/>
  </testcase> <!-- verifySearchWithValidProduct -->
  <testcase classname="tutorialninja_project.Search" name="verifySearchWithoutAnyProduct" time="0.0">
    <skipped/>
  </testcase> <!-- verifySearchWithoutAnyProduct -->
</testsuite> <!-- TutorialsNinja Test -->
